2016-04-17 13:44:39,660 [Worker-8] INFO  o.e.m.c.i.p.ProjectConfigurationManager - Collecting project info '/pom.xml' D:\GitHub\Git-Rero\Eclipse projects\project\pom.xml
2016-04-17 13:44:47,673 [Worker-8] INFO  o.e.m.c.i.l.LifecycleMappingFactory - Using org.eclipse.m2e.jdt.JarLifecycleMapping lifecycle mapping for MavenProject: projects:project:0.0.1-SNAPSHOT @ D:\GitHub\Git-Rero\Eclipse projects\project\pom.xml.
2016-04-17 13:44:49,380 [Worker-8] INFO  o.e.m.j.i.AbstractJavaProjectConfigurator - Adding source folder /project/src/main/java
2016-04-17 13:44:49,388 [Worker-8] INFO  o.e.m.j.i.AbstractJavaProjectConfigurator - Adding source folder /project/src/test/java
2016-04-17 13:44:50,327 [Worker-8] INFO  o.e.m.c.i.p.ProjectConfigurationManager - Imported and configured 1 project(s) in 10 sec
2016-04-17 13:44:51,189 [Worker-4] INFO  o.e.m.c.i.embedder.EclipseLogger - Using 'UTF-8' encoding to copy filtered resources.
2016-04-17 13:44:51,190 [Worker-4] INFO  o.e.m.c.i.embedder.EclipseLogger - skip non existing resourceDirectory D:\GitHub\Git-Rero\Eclipse projects\project\src\main\resources
2016-04-17 13:44:51,193 [Worker-4] INFO  o.e.m.c.i.embedder.EclipseLogger - Using 'UTF-8' encoding to copy filtered resources.
2016-04-17 13:44:51,193 [Worker-4] INFO  o.e.m.c.i.embedder.EclipseLogger - skip non existing resourceDirectory D:\GitHub\Git-Rero\Eclipse projects\project\src\test\resources
2016-04-17 13:47:03,568 [Worker-14] INFO  o.e.m.c.i.embedder.EclipseLogger - Using 'UTF-8' encoding to copy filtered resources.
2016-04-17 13:47:03,569 [Worker-14] INFO  o.e.m.c.i.embedder.EclipseLogger - skip non existing resourceDirectory D:\GitHub\Git-Rero\Eclipse projects\project\src\main\resources
2016-04-17 13:47:03,571 [Worker-14] INFO  o.e.m.c.i.embedder.EclipseLogger - Using 'UTF-8' encoding to copy filtered resources.
2016-04-17 13:47:03,571 [Worker-14] INFO  o.e.m.c.i.embedder.EclipseLogger - skip non existing resourceDirectory D:\GitHub\Git-Rero\Eclipse projects\project\src\test\resources
2016-04-17 13:47:34,160 [Worker-8] INFO  o.e.m.c.i.embedder.EclipseLogger - Using 'UTF-8' encoding to copy filtered resources.
2016-04-17 13:47:34,160 [Worker-8] INFO  o.e.m.c.i.embedder.EclipseLogger - skip non existing resourceDirectory D:\GitHub\Git-Rero\Eclipse projects\project\src\main\resources
2016-04-17 13:47:34,162 [Worker-8] INFO  o.e.m.c.i.embedder.EclipseLogger - Using 'UTF-8' encoding to copy filtered resources.
2016-04-17 13:47:34,162 [Worker-8] INFO  o.e.m.c.i.embedder.EclipseLogger - skip non existing resourceDirectory D:\GitHub\Git-Rero\Eclipse projects\project\src\test\resources
2016-04-17 13:50:17,778 [Worker-19] INFO  c.g.t.t.d.PublishedGradleVersions - Gradle version information cache file is out-of-date. Remote download required.
2016-04-17 13:50:19,147 [Worker-14] INFO  o.e.m.c.i.embedder.EclipseLogger - Using 'UTF-8' encoding to copy filtered resources.
2016-04-17 13:50:19,147 [Worker-14] INFO  o.e.m.c.i.embedder.EclipseLogger - skip non existing resourceDirectory D:\GitHub\Git-Rero\Eclipse projects\project\src\main\resources
2016-04-17 13:50:19,150 [Worker-14] INFO  o.e.m.c.i.embedder.EclipseLogger - Using 'UTF-8' encoding to copy filtered resources.
2016-04-17 13:50:19,150 [Worker-14] INFO  o.e.m.c.i.embedder.EclipseLogger - skip non existing resourceDirectory D:\GitHub\Git-Rero\Eclipse projects\project\src\test\resources
2016-04-17 13:51:27,580 [Worker-17] INFO  o.e.m.c.i.embedder.EclipseLogger - Using 'UTF-8' encoding to copy filtered resources.
2016-04-17 13:51:27,580 [Worker-17] INFO  o.e.m.c.i.embedder.EclipseLogger - skip non existing resourceDirectory D:\GitHub\Git-Rero\Eclipse projects\project\src\main\resources
2016-04-17 13:51:27,582 [Worker-17] INFO  o.e.m.c.i.embedder.EclipseLogger - Using 'UTF-8' encoding to copy filtered resources.
2016-04-17 13:51:27,582 [Worker-17] INFO  o.e.m.c.i.embedder.EclipseLogger - skip non existing resourceDirectory D:\GitHub\Git-Rero\Eclipse projects\project\src\test\resources
2016-04-17 13:52:54,570 [Worker-18] INFO  o.e.m.c.i.embedder.EclipseLogger - Using 'UTF-8' encoding to copy filtered resources.
2016-04-17 13:52:54,570 [Worker-18] INFO  o.e.m.c.i.embedder.EclipseLogger - skip non existing resourceDirectory D:\GitHub\Git-Rero\Eclipse projects\project\src\main\resources
2016-04-17 13:52:54,572 [Worker-18] INFO  o.e.m.c.i.embedder.EclipseLogger - Using 'UTF-8' encoding to copy filtered resources.
2016-04-17 13:52:54,573 [Worker-18] INFO  o.e.m.c.i.embedder.EclipseLogger - skip non existing resourceDirectory D:\GitHub\Git-Rero\Eclipse projects\project\src\test\resources
